Performing C SOURCE FILE Test CMAKE_HAVE_LIBC_PTHREAD failed with the following output:
Change Dir: /home/ysh8361/workspace/webrtc/webrtc-tutorial/server/build/CMakeFiles/CMakeTmp

Run Build Command(s):/usr/bin/gmake cmTC_3a238/fast && /usr/bin/gmake  -f CMakeFiles/cmTC_3a238.dir/build.make CMakeFiles/cmTC_3a238.dir/build
gmake[1]: Entering directory `/home/ysh8361/workspace/webrtc/webrtc-tutorial/server/build/CMakeFiles/CMakeTmp'
Building C object CMakeFiles/cmTC_3a238.dir/src.c.o
/usr/bin/cc   -DCMAKE_HAVE_LIBC_PTHREAD   -o CMakeFiles/cmTC_3a238.dir/src.c.o   -c /home/ysh8361/workspace/webrtc/webrtc-tutorial/server/build/CMakeFiles/CMakeTmp/src.c
Linking C executable cmTC_3a238
/usr/local/bin/cmake -E cmake_link_script CMakeFiles/cmTC_3a238.dir/link.txt --verbose=1
/usr/bin/cc  -DCMAKE_HAVE_LIBC_PTHREAD    -rdynamic CMakeFiles/cmTC_3a238.dir/src.c.o  -o cmTC_3a238 
CMakeFiles/cmTC_3a238.dir/src.c.o: In function `main':
src.c:(.text+0x2d): undefined reference to `pthread_create'
src.c:(.text+0x39): undefined reference to `pthread_detach'
src.c:(.text+0x45): undefined reference to `pthread_cancel'
src.c:(.text+0x56): undefined reference to `pthread_join'
src.c:(.text+0x6a): undefined reference to `pthread_atfork'
collect2: error: ld returned 1 exit status
gmake[1]: *** [cmTC_3a238] Error 1
gmake[1]: Leaving directory `/home/ysh8361/workspace/webrtc/webrtc-tutorial/server/build/CMakeFiles/CMakeTmp'
gmake: *** [cmTC_3a238/fast] Error 2


Source file was:
#include <pthread.h>

void* test_func(void* data)
{
  return data;
}

int main(void)
{
  pthread_t thread;
  pthread_create(&thread, NULL, test_func, NULL);
  pthread_detach(thread);
  pthread_cancel(thread);
  pthread_join(thread, NULL);
  pthread_atfork(NULL, NULL, NULL);
  pthread_exit(NULL);

  return 0;
}

Determining if the function pthread_create exists in the pthreads failed with the following output:
Change Dir: /home/ysh8361/workspace/webrtc/webrtc-tutorial/server/build/CMakeFiles/CMakeTmp

Run Build Command(s):/usr/bin/gmake cmTC_98e4f/fast && /usr/bin/gmake  -f CMakeFiles/cmTC_98e4f.dir/build.make CMakeFiles/cmTC_98e4f.dir/build
gmake[1]: Entering directory `/home/ysh8361/workspace/webrtc/webrtc-tutorial/server/build/CMakeFiles/CMakeTmp'
Building C object CMakeFiles/cmTC_98e4f.dir/CheckFunctionExists.c.o
/usr/bin/cc   -DCHECK_FUNCTION_EXISTS=pthread_create   -o CMakeFiles/cmTC_98e4f.dir/CheckFunctionExists.c.o   -c /usr/local/share/cmake-3.17/Modules/CheckFunctionExists.c
Linking C executable cmTC_98e4f
/usr/local/bin/cmake -E cmake_link_script CMakeFiles/cmTC_98e4f.dir/link.txt --verbose=1
/usr/bin/cc  -DCHECK_FUNCTION_EXISTS=pthread_create    -rdynamic CMakeFiles/cmTC_98e4f.dir/CheckFunctionExists.c.o  -o cmTC_98e4f  -lpthreads 
/usr/bin/ld: cannot find -lpthreads
collect2: error: ld returned 1 exit status
gmake[1]: *** [cmTC_98e4f] Error 1
gmake[1]: Leaving directory `/home/ysh8361/workspace/webrtc/webrtc-tutorial/server/build/CMakeFiles/CMakeTmp'
gmake: *** [cmTC_98e4f/fast] Error 2



